[2016-03-22 00:33:31] myapp.INFO: Matched route "account". {"route_parameters":{"_controller":"Ruscod\\Controller\\IndexController::accountAction","_route":"account"},"request_uri":"http://localhost:8000/home"} []
[2016-03-22 00:33:31] myapp.INFO: > GET /home [] []
[2016-03-22 00:33:31] myapp.INFO: < 200 [] []
[2016-03-22 00:35:44] myapp.INFO: Matched route "account". {"route_parameters":{"_controller":"Ruscod\\Controller\\IndexController::accountAction","_route":"account"},"request_uri":"http://localhost:8000/home"} []
[2016-03-22 00:35:44] myapp.INFO: > GET /home [] []
[2016-03-22 00:36:48] myapp.INFO: Matched route "account". {"route_parameters":{"_controller":"Ruscod\\Controller\\IndexController::accountAction","_route":"account"},"request_uri":"http://localhost:8000/home"} []
[2016-03-22 00:36:48] myapp.INFO: > GET /home [] []
[2016-03-22 00:36:48] myapp.INFO: < 200 [] []
[2016-03-22 00:36:54] myapp.INFO: Matched route "account". {"route_parameters":{"_controller":"Ruscod\\Controller\\IndexController::accountAction","_route":"account"},"request_uri":"http://localhost:8000/home"} []
[2016-03-22 00:36:54] myapp.INFO: > GET /home [] []
[2016-03-22 00:36:54] myapp.INFO: < 200 [] []
[2016-03-22 00:36:54] myapp.INFO: Matched route "account". {"route_parameters":{"_controller":"Ruscod\\Controller\\IndexController::accountAction","_route":"account"},"request_uri":"http://localhost:8000/home"} []
[2016-03-22 00:36:54] myapp.INFO: > GET /home [] []
[2016-03-22 00:36:54] myapp.INFO: < 200 [] []
[2016-03-22 00:36:55] myapp.INFO: Matched route "account". {"route_parameters":{"_controller":"Ruscod\\Controller\\IndexController::accountAction","_route":"account"},"request_uri":"http://localhost:8000/home"} []
[2016-03-22 00:36:55] myapp.INFO: > GET /home [] []
[2016-03-22 00:36:55] myapp.INFO: < 200 [] []
[2016-03-22 00:36:55] myapp.INFO: Matched route "account". {"route_parameters":{"_controller":"Ruscod\\Controller\\IndexController::accountAction","_route":"account"},"request_uri":"http://localhost:8000/home"} []
[2016-03-22 00:36:55] myapp.INFO: > GET /home [] []
[2016-03-22 00:36:55] myapp.INFO: < 200 [] []
[2016-03-22 00:36:55] myapp.INFO: Matched route "account". {"route_parameters":{"_controller":"Ruscod\\Controller\\IndexController::accountAction","_route":"account"},"request_uri":"http://localhost:8000/home"} []
[2016-03-22 00:36:55] myapp.INFO: > GET /home [] []
[2016-03-22 00:36:55] myapp.INFO: < 200 [] []
[2016-03-22 00:36:55] myapp.INFO: Matched route "account". {"route_parameters":{"_controller":"Ruscod\\Controller\\IndexController::accountAction","_route":"account"},"request_uri":"http://localhost:8000/home"} []
[2016-03-22 00:36:55] myapp.INFO: > GET /home [] []
[2016-03-22 00:36:55] myapp.INFO: < 200 [] []
[2016-03-22 00:37:44] myapp.INFO: Matched route "account". {"route_parameters":{"_controller":"Ruscod\\Controller\\IndexController::accountAction","_route":"account"},"request_uri":"http://localhost:8000/home"} []
[2016-03-22 00:37:44] myapp.INFO: > GET /home [] []
[2016-03-22 00:37:44] myapp.INFO: < 200 [] []
[2016-03-22 00:38:21] myapp.INFO: Matched route "account". {"route_parameters":{"_controller":"Ruscod\\Controller\\IndexController::accountAction","_route":"account"},"request_uri":"http://localhost:8000/home"} []
[2016-03-22 00:38:21] myapp.INFO: > GET /home [] []
[2016-03-22 00:38:21] myapp.INFO: < 200 [] []
[2016-03-22 00:38:23] myapp.INFO: Matched route "login". {"route_parameters":{"_controller":"Ruscod\\Controller\\UserController::loginAction","_route":"login"},"request_uri":"http://localhost:8000/user/login"} []
[2016-03-22 00:38:23] myapp.INFO: > GET /user/login [] []
[2016-03-22 00:38:23] myapp.INFO: < 200 [] []
[2016-03-22 00:38:24] myapp.INFO: Matched route "login". {"route_parameters":{"_controller":"Ruscod\\Controller\\UserController::loginAction","_route":"login"},"request_uri":"http://localhost:8000/user/login"} []
[2016-03-22 00:38:24] myapp.INFO: > GET /user/login [] []
[2016-03-22 00:38:24] myapp.INFO: < 200 [] []
[2016-03-22 00:38:26] myapp.INFO: Matched route "login". {"route_parameters":{"_controller":"Ruscod\\Controller\\UserController::loginAction","_route":"login"},"request_uri":"http://localhost:8000/user/login"} []
[2016-03-22 00:38:26] myapp.INFO: > GET /user/login [] []
[2016-03-22 00:38:26] myapp.INFO: < 200 [] []
[2016-03-22 00:38:27] myapp.INFO: Matched route "login". {"route_parameters":{"_controller":"Ruscod\\Controller\\UserController::loginAction","_route":"login"},"request_uri":"http://localhost:8000/user/login"} []
[2016-03-22 00:38:27] myapp.INFO: > GET /user/login [] []
[2016-03-22 00:38:27] myapp.INFO: < 200 [] []
[2016-03-22 00:38:29] myapp.INFO: Matched route "login". {"route_parameters":{"_controller":"Ruscod\\Controller\\UserController::loginAction","_route":"login"},"request_uri":"http://localhost:8000/user/login"} []
[2016-03-22 00:38:29] myapp.INFO: > GET /user/login [] []
[2016-03-22 00:38:29] myapp.INFO: < 200 [] []
[2016-03-22 00:38:30] myapp.INFO: Matched route "login". {"route_parameters":{"_controller":"Ruscod\\Controller\\UserController::loginAction","_route":"login"},"request_uri":"http://localhost:8000/user/login"} []
[2016-03-22 00:38:30] myapp.INFO: > GET /user/login [] []
[2016-03-22 00:38:30] myapp.INFO: < 200 [] []
[2016-03-22 00:38:32] myapp.INFO: Matched route "login". {"route_parameters":{"_controller":"Ruscod\\Controller\\UserController::loginAction","_route":"login"},"request_uri":"http://localhost:8000/user/login"} []
[2016-03-22 00:38:32] myapp.INFO: > GET /user/login [] []
[2016-03-22 00:38:32] myapp.INFO: < 200 [] []
[2016-03-22 00:38:34] myapp.INFO: Matched route "login". {"route_parameters":{"_controller":"Ruscod\\Controller\\UserController::loginAction","_route":"login"},"request_uri":"http://localhost:8000/user/login"} []
[2016-03-22 00:38:34] myapp.INFO: > GET /user/login [] []
[2016-03-22 00:38:34] myapp.INFO: < 200 [] []
[2016-03-22 00:38:35] myapp.INFO: Matched route "login". {"route_parameters":{"_controller":"Ruscod\\Controller\\UserController::loginAction","_route":"login"},"request_uri":"http://localhost:8000/user/login"} []
[2016-03-22 00:38:35] myapp.INFO: > GET /user/login [] []
[2016-03-22 00:38:35] myapp.INFO: < 200 [] []
[2016-03-22 00:38:37] myapp.INFO: Matched route "login". {"route_parameters":{"_controller":"Ruscod\\Controller\\UserController::loginAction","_route":"login"},"request_uri":"http://localhost:8000/user/login"} []
[2016-03-22 00:38:37] myapp.INFO: > GET /user/login [] []
[2016-03-22 00:38:37] myapp.INFO: < 200 [] []
[2016-03-22 00:38:38] myapp.INFO: Matched route "login". {"route_parameters":{"_controller":"Ruscod\\Controller\\UserController::loginAction","_route":"login"},"request_uri":"http://localhost:8000/user/login"} []
[2016-03-22 00:38:38] myapp.INFO: > GET /user/login [] []
[2016-03-22 00:38:38] myapp.INFO: < 200 [] []
[2016-03-22 00:38:40] myapp.INFO: Matched route "login". {"route_parameters":{"_controller":"Ruscod\\Controller\\UserController::loginAction","_route":"login"},"request_uri":"http://localhost:8000/user/login"} []
[2016-03-22 00:38:40] myapp.INFO: > GET /user/login [] []
[2016-03-22 00:38:40] myapp.INFO: < 200 [] []
[2016-03-22 00:40:57] myapp.INFO: Matched route "login". {"route_parameters":{"_controller":"Ruscod\\Controller\\UserController::loginAction","_route":"login"},"request_uri":"http://localhost:8000/user/login"} []
[2016-03-22 00:40:57] myapp.INFO: > GET /user/login [] []
[2016-03-22 00:40:57] myapp.INFO: < 200 [] []
[2016-03-22 00:41:01] myapp.INFO: Matched route "account". {"route_parameters":{"_controller":"Ruscod\\Controller\\IndexController::accountAction","_route":"account"},"request_uri":"http://localhost:8000/home"} []
[2016-03-22 00:41:01] myapp.INFO: > GET /home [] []
[2016-03-22 00:41:25] myapp.INFO: Matched route "account". {"route_parameters":{"_controller":"Ruscod\\Controller\\IndexController::accountAction","_route":"account"},"request_uri":"http://localhost:8000/home"} []
[2016-03-22 00:41:25] myapp.INFO: > GET /home [] []
[2016-03-22 00:41:40] myapp.INFO: Matched route "account". {"route_parameters":{"_controller":"Ruscod\\Controller\\IndexController::accountAction","_route":"account"},"request_uri":"http://localhost:8000/home"} []
[2016-03-22 00:41:40] myapp.INFO: > GET /home [] []
[2016-03-22 00:41:40] myapp.INFO: < 302 /login [] []
[2016-03-22 00:41:40] myapp.ERROR: Symfony\Component\HttpKernel\Exception\NotFoundHttpException: No route found for "GET /login" (uncaught exception) at /var/www/html/new_project/vendor/symfony/http-kernel/EventListener/RouterListener.php line 123 {"exception":"[object] (Symfony\\Component\\HttpKernel\\Exception\\NotFoundHttpException(code: 0): No route found for \"GET /login\" at /var/www/html/new_project/vendor/symfony/http-kernel/EventListener/RouterListener.php:123, Symfony\\Component\\Routing\\Exception\\ResourceNotFoundException(code: 0): No routes found for \"/login\". at /var/www/html/new_project/vendor/symfony/routing/Matcher/UrlMatcher.php:98)"} []
[2016-03-22 00:41:40] myapp.INFO: < 404 [] []
[2016-03-22 00:41:56] myapp.INFO: Matched route "homepage". {"route_parameters":{"_controller":"Ruscod\\Controller\\IndexController::indexAction","_route":"homepage"},"request_uri":"http://localhost:8000/"} []
[2016-03-22 00:41:56] myapp.INFO: > GET / [] []
[2016-03-22 00:41:56] myapp.INFO: < 200 [] []
[2016-03-22 00:42:03] myapp.INFO: Matched route "account". {"route_parameters":{"_controller":"Ruscod\\Controller\\IndexController::accountAction","_route":"account"},"request_uri":"http://localhost:8000/home"} []
[2016-03-22 00:42:03] myapp.INFO: > GET /home [] []
[2016-03-22 00:42:03] myapp.INFO: < 302 /user/login [] []
[2016-03-22 00:42:03] myapp.INFO: Matched route "login". {"route_parameters":{"_controller":"Ruscod\\Controller\\UserController::loginAction","_route":"login"},"request_uri":"http://localhost:8000/user/login"} []
[2016-03-22 00:42:03] myapp.INFO: > GET /user/login [] []
[2016-03-22 00:42:03] myapp.INFO: < 200 [] []
[2016-03-22 00:43:22] myapp.INFO: Matched route "account". {"route_parameters":{"_controller":"Ruscod\\Controller\\IndexController::accountAction","_route":"account"},"request_uri":"http://localhost:8000/home"} []
[2016-03-22 00:43:22] myapp.INFO: > GET /home [] []
[2016-03-22 00:43:22] myapp.INFO: < 302 /user/login [] []
[2016-03-22 00:43:22] myapp.INFO: Matched route "login". {"route_parameters":{"_controller":"Ruscod\\Controller\\UserController::loginAction","_route":"login"},"request_uri":"http://localhost:8000/user/login"} []
[2016-03-22 00:43:22] myapp.INFO: > GET /user/login [] []
[2016-03-22 00:43:22] myapp.INFO: < 200 [] []
[2016-03-22 00:43:49] myapp.INFO: Matched route "account". {"route_parameters":{"_controller":"Ruscod\\Controller\\IndexController::accountAction","_route":"account"},"request_uri":"http://localhost:8000/home"} []
[2016-03-22 00:43:49] myapp.INFO: > GET /home [] []
[2016-03-22 00:43:49] myapp.INFO: < 200 [] []
[2016-03-22 00:45:33] myapp.INFO: Matched route "account". {"route_parameters":{"_controller":"Ruscod\\Controller\\IndexController::accountAction","_route":"account"},"request_uri":"http://localhost:8000/home"} []
[2016-03-22 00:45:33] myapp.INFO: > GET /home [] []
[2016-03-22 00:45:48] myapp.INFO: Matched route "account". {"route_parameters":{"_controller":"Ruscod\\Controller\\IndexController::accountAction","_route":"account"},"request_uri":"http://localhost:8000/home"} []
[2016-03-22 00:45:48] myapp.INFO: > GET /home [] []
[2016-03-22 00:46:37] myapp.INFO: Matched route "account". {"route_parameters":{"_controller":"Ruscod\\Controller\\IndexController::accountAction","_route":"account"},"request_uri":"http://localhost:8000/home"} []
[2016-03-22 00:46:37] myapp.INFO: > GET /home [] []
[2016-03-22 00:47:03] myapp.INFO: Matched route "account". {"route_parameters":{"_controller":"Ruscod\\Controller\\IndexController::accountAction","_route":"account"},"request_uri":"http://localhost:8000/home"} []
[2016-03-22 00:47:03] myapp.INFO: > GET /home [] []
[2016-03-22 00:47:03] myapp.INFO: < 302 /user/login [] []
[2016-03-22 00:47:03] myapp.INFO: Matched route "login". {"route_parameters":{"_controller":"Ruscod\\Controller\\UserController::loginAction","_route":"login"},"request_uri":"http://localhost:8000/user/login"} []
[2016-03-22 00:47:03] myapp.INFO: > GET /user/login [] []
[2016-03-22 00:47:03] myapp.INFO: < 200 [] []
[2016-03-22 00:47:29] myapp.INFO: Matched route "login". {"route_parameters":{"_controller":"Ruscod\\Controller\\UserController::loginAction","_route":"login"},"request_uri":"http://localhost:8000/user/login"} []
[2016-03-22 00:47:29] myapp.INFO: > GET /user/login [] []
[2016-03-22 00:47:29] myapp.INFO: < 200 [] []
[2016-03-22 00:47:34] myapp.INFO: Matched route "account". {"route_parameters":{"_controller":"Ruscod\\Controller\\IndexController::accountAction","_route":"account"},"request_uri":"http://localhost:8000/home"} []
[2016-03-22 00:47:34] myapp.INFO: > GET /home [] []
[2016-03-22 00:48:08] myapp.INFO: Matched route "account". {"route_parameters":{"_controller":"Ruscod\\Controller\\IndexController::accountAction","_route":"account"},"request_uri":"http://localhost:8000/home"} []
[2016-03-22 00:48:08] myapp.INFO: > GET /home [] []
[2016-03-22 00:49:55] myapp.INFO: Matched route "account". {"route_parameters":{"_controller":"Ruscod\\Controller\\IndexController::accountAction","_route":"account"},"request_uri":"http://localhost:8000/home"} []
[2016-03-22 00:49:55] myapp.INFO: > GET /home [] []
[2016-03-22 00:49:55] myapp.INFO: < 302 /user/login [] []
[2016-03-22 00:49:55] myapp.INFO: Matched route "login". {"route_parameters":{"_controller":"Ruscod\\Controller\\UserController::loginAction","_route":"login"},"request_uri":"http://localhost:8000/user/login"} []
[2016-03-22 00:49:55] myapp.INFO: > GET /user/login [] []
[2016-03-22 00:49:55] myapp.INFO: < 200 [] []
[2016-03-22 00:50:08] myapp.INFO: Matched route "dologin". {"route_parameters":{"_controller":"Ruscod\\Controller\\UserController::dologinAction","_route":"dologin"},"request_uri":"http://localhost:8000/user/login"} []
[2016-03-22 00:50:08] myapp.INFO: > POST /user/login [] []
[2016-03-22 00:50:08] myapp.CRITICAL: LogicException: The controller must return a response (null given). Did you forget to add a return statement somewhere in your controller? (uncaught exception) at /var/www/html/new_project/vendor/symfony/http-kernel/HttpKernel.php line 157 {"exception":"[object] (LogicException(code: 0): The controller must return a response (null given). Did you forget to add a return statement somewhere in your controller? at /var/www/html/new_project/vendor/symfony/http-kernel/HttpKernel.php:157)"} []
[2016-03-22 00:50:08] myapp.INFO: < 500 [] []
[2016-03-22 00:50:28] myapp.INFO: Matched route "dologin". {"route_parameters":{"_controller":"Ruscod\\Controller\\UserController::dologinAction","_route":"dologin"},"request_uri":"http://localhost:8000/user/login"} []
[2016-03-22 00:50:28] myapp.INFO: > POST /user/login [] []
[2016-03-22 00:50:28] myapp.INFO: < 302 /home [] []
[2016-03-22 00:50:28] myapp.INFO: Matched route "account". {"route_parameters":{"_controller":"Ruscod\\Controller\\IndexController::accountAction","_route":"account"},"request_uri":"http://localhost:8000/home"} []
[2016-03-22 00:50:28] myapp.INFO: > GET /home [] []
[2016-03-22 00:50:28] myapp.INFO: < 302 /user/login [] []
[2016-03-22 00:50:28] myapp.INFO: Matched route "login". {"route_parameters":{"_controller":"Ruscod\\Controller\\UserController::loginAction","_route":"login"},"request_uri":"http://localhost:8000/user/login"} []
[2016-03-22 00:50:28] myapp.INFO: > GET /user/login [] []
[2016-03-22 00:50:28] myapp.INFO: < 200 [] []
[2016-03-22 00:51:13] myapp.INFO: Matched route "login". {"route_parameters":{"_controller":"Ruscod\\Controller\\UserController::loginAction","_route":"login"},"request_uri":"http://localhost:8000/user/login"} []
[2016-03-22 00:51:13] myapp.INFO: > GET /user/login [] []
[2016-03-22 00:51:13] myapp.INFO: < 200 [] []
[2016-03-22 00:51:23] myapp.INFO: Matched route "dologin". {"route_parameters":{"_controller":"Ruscod\\Controller\\UserController::dologinAction","_route":"dologin"},"request_uri":"http://localhost:8000/user/login"} []
[2016-03-22 00:51:23] myapp.INFO: > POST /user/login [] []
[2016-03-22 00:51:23] myapp.INFO: < 302 /home [] []
[2016-03-22 00:51:23] myapp.INFO: Matched route "account". {"route_parameters":{"_controller":"Ruscod\\Controller\\IndexController::accountAction","_route":"account"},"request_uri":"http://localhost:8000/home"} []
[2016-03-22 00:51:23] myapp.INFO: > GET /home [] []
[2016-03-22 00:51:23] myapp.INFO: < 302 /user/login [] []
[2016-03-22 00:51:23] myapp.INFO: Matched route "login". {"route_parameters":{"_controller":"Ruscod\\Controller\\UserController::loginAction","_route":"login"},"request_uri":"http://localhost:8000/user/login"} []
[2016-03-22 00:51:23] myapp.INFO: > GET /user/login [] []
[2016-03-22 00:51:23] myapp.INFO: < 200 [] []
[2016-03-22 00:52:36] myapp.INFO: Matched route "account". {"route_parameters":{"_controller":"Ruscod\\Controller\\IndexController::accountAction","_route":"account"},"request_uri":"http://localhost:8000/home"} []
[2016-03-22 00:52:36] myapp.INFO: > GET /home [] []
[2016-03-22 00:52:57] myapp.INFO: Matched route "account". {"route_parameters":{"_controller":"Ruscod\\Controller\\IndexController::accountAction","_route":"account"},"request_uri":"http://localhost:8000/home"} []
[2016-03-22 00:52:57] myapp.INFO: > GET /home [] []
[2016-03-22 00:53:29] myapp.INFO: Matched route "account". {"route_parameters":{"_controller":"Ruscod\\Controller\\IndexController::accountAction","_route":"account"},"request_uri":"http://localhost:8000/home"} []
[2016-03-22 00:53:29] myapp.INFO: > GET /home [] []
[2016-03-22 00:53:54] myapp.INFO: Matched route "account". {"route_parameters":{"_controller":"Ruscod\\Controller\\IndexController::accountAction","_route":"account"},"request_uri":"http://localhost:8000/home"} []
[2016-03-22 00:53:54] myapp.INFO: > GET /home [] []
[2016-03-22 00:53:54] myapp.INFO: < 200 [] []
[2016-03-22 00:55:59] myapp.INFO: Matched route "n/a". {"route_parameters":{"_controller":"[object] (Closure: {})","_route":null,"url":"/user/"},"request_uri":"http://localhost:8000/user"} []
[2016-03-22 00:55:59] myapp.INFO: > GET /user [] []
[2016-03-22 00:55:59] myapp.INFO: < 301 /user/ [] []
[2016-03-22 00:55:59] myapp.INFO: Matched route "GET_user_". {"route_parameters":{"_controller":"Ruscod\\Controller\\UserController::indexAction","_route":"GET_user_"},"request_uri":"http://localhost:8000/user/"} []
[2016-03-22 00:55:59] myapp.INFO: > GET /user/ [] []
[2016-03-22 00:55:59] myapp.INFO: < 200 [] []
[2016-03-22 00:56:02] myapp.ERROR: Symfony\Component\HttpKernel\Exception\MethodNotAllowedHttpException: No route found for "GET /user/logout": Method Not Allowed (Allow: POST) (uncaught exception) at /var/www/html/new_project/vendor/symfony/http-kernel/EventListener/RouterListener.php line 127 {"exception":"[object] (Symfony\\Component\\HttpKernel\\Exception\\MethodNotAllowedHttpException(code: 0): No route found for \"GET /user/logout\": Method Not Allowed (Allow: POST) at /var/www/html/new_project/vendor/symfony/http-kernel/EventListener/RouterListener.php:127, Symfony\\Component\\Routing\\Exception\\MethodNotAllowedException(code: 0):  at /var/www/html/new_project/vendor/symfony/routing/Matcher/UrlMatcher.php:97)"} []
[2016-03-22 00:56:02] myapp.INFO: < 405 [] []
[2016-03-22 00:56:11] myapp.INFO: Matched route "logout". {"route_parameters":{"_controller":"Ruscod\\Controller\\UserController::dologinAction","_route":"logout"},"request_uri":"http://localhost:8000/user/logout"} []
[2016-03-22 00:56:11] myapp.INFO: > GET /user/logout [] []
[2016-03-22 00:56:11] myapp.INFO: < 200 [] []
[2016-03-22 00:56:46] myapp.INFO: Matched route "login". {"route_parameters":{"_controller":"Ruscod\\Controller\\UserController::loginAction","_route":"login"},"request_uri":"http://localhost:8000/user/login"} []
[2016-03-22 00:56:46] myapp.INFO: > GET /user/login [] []
[2016-03-22 00:56:46] myapp.INFO: < 200 [] []
[2016-03-22 00:56:51] myapp.INFO: Matched route "account". {"route_parameters":{"_controller":"Ruscod\\Controller\\IndexController::accountAction","_route":"account"},"request_uri":"http://localhost:8000/home"} []
[2016-03-22 00:56:51] myapp.INFO: > GET /home [] []
[2016-03-22 00:56:51] myapp.INFO: < 200 [] []
[2016-03-22 00:56:57] myapp.INFO: Matched route "n/a". {"route_parameters":{"_controller":"[object] (Closure: {})","_route":null,"url":"/user/"},"request_uri":"http://localhost:8000/user"} []
[2016-03-22 00:56:57] myapp.INFO: > GET /user [] []
[2016-03-22 00:56:57] myapp.INFO: < 301 /user/ [] []
[2016-03-22 00:56:57] myapp.INFO: Matched route "GET_user_". {"route_parameters":{"_controller":"Ruscod\\Controller\\UserController::indexAction","_route":"GET_user_"},"request_uri":"http://localhost:8000/user/"} []
[2016-03-22 00:56:57] myapp.INFO: > GET /user/ [] []
[2016-03-22 00:56:57] myapp.INFO: < 200 [] []
[2016-03-22 00:57:01] myapp.INFO: Matched route "logout". {"route_parameters":{"_controller":"Ruscod\\Controller\\UserController::logoutAction","_route":"logout"},"request_uri":"http://localhost:8000/user/logout"} []
[2016-03-22 00:57:01] myapp.INFO: > GET /user/logout [] []
[2016-03-22 00:59:03] myapp.INFO: Matched route "logout". {"route_parameters":{"_controller":"Ruscod\\Controller\\UserController::logoutAction","_route":"logout"},"request_uri":"http://localhost:8000/user/logout"} []
[2016-03-22 00:59:03] myapp.INFO: > GET /user/logout [] []
[2016-03-22 00:59:03] myapp.INFO: < 302 /user/login [] []
[2016-03-22 00:59:03] myapp.INFO: Matched route "login". {"route_parameters":{"_controller":"Ruscod\\Controller\\UserController::loginAction","_route":"login"},"request_uri":"http://localhost:8000/user/login"} []
[2016-03-22 00:59:03] myapp.INFO: > GET /user/login [] []
[2016-03-22 00:59:03] myapp.INFO: < 200 [] []
[2016-03-22 00:59:10] myapp.INFO: Matched route "account". {"route_parameters":{"_controller":"Ruscod\\Controller\\IndexController::accountAction","_route":"account"},"request_uri":"http://localhost:8000/home"} []
[2016-03-22 00:59:10] myapp.INFO: > GET /home [] []
[2016-03-22 00:59:10] myapp.INFO: < 302 /user/login [] []
[2016-03-22 00:59:10] myapp.INFO: Matched route "login". {"route_parameters":{"_controller":"Ruscod\\Controller\\UserController::loginAction","_route":"login"},"request_uri":"http://localhost:8000/user/login"} []
[2016-03-22 00:59:10] myapp.INFO: > GET /user/login [] []
[2016-03-22 00:59:10] myapp.INFO: < 200 [] []
[2016-03-22 01:00:44] myapp.INFO: Matched route "login". {"route_parameters":{"_controller":"Ruscod\\Controller\\UserController::loginAction","_route":"login"},"request_uri":"http://localhost:8000/user/login"} []
[2016-03-22 01:00:44] myapp.INFO: > GET /user/login [] []
[2016-03-22 01:00:44] myapp.INFO: < 200 [] []
[2016-03-22 01:01:03] myapp.INFO: Matched route "login". {"route_parameters":{"_controller":"Ruscod\\Controller\\UserController::loginAction","_route":"login"},"request_uri":"http://localhost:8000/user/login"} []
[2016-03-22 01:01:03] myapp.INFO: > GET /user/login [] []
[2016-03-22 01:01:03] myapp.INFO: < 200 [] []
[2016-03-22 01:01:13] myapp.INFO: Matched route "dologin". {"route_parameters":{"_controller":"Ruscod\\Controller\\UserController::dologinAction","_route":"dologin"},"request_uri":"http://localhost:8000/user/login"} []
[2016-03-22 01:01:13] myapp.INFO: > POST /user/login [] []
[2016-03-22 01:01:13] myapp.INFO: < 302 /home [] []
[2016-03-22 01:01:13] myapp.INFO: Matched route "account". {"route_parameters":{"_controller":"Ruscod\\Controller\\IndexController::accountAction","_route":"account"},"request_uri":"http://localhost:8000/home"} []
[2016-03-22 01:01:13] myapp.INFO: > GET /home [] []
[2016-03-22 01:01:13] myapp.INFO: < 200 [] []
[2016-03-22 01:01:17] myapp.INFO: Matched route "account". {"route_parameters":{"_controller":"Ruscod\\Controller\\IndexController::accountAction","_route":"account"},"request_uri":"http://localhost:8000/home"} []
[2016-03-22 01:01:17] myapp.INFO: > GET /home [] []
[2016-03-22 01:01:17] myapp.INFO: < 200 [] []
[2016-03-22 01:01:24] myapp.INFO: Matched route "account". {"route_parameters":{"_controller":"Ruscod\\Controller\\IndexController::accountAction","_route":"account"},"request_uri":"http://localhost:8000/home"} []
[2016-03-22 01:01:24] myapp.INFO: > GET /home [] []
[2016-03-22 01:01:24] myapp.INFO: < 200 [] []
[2016-03-22 01:01:26] myapp.INFO: Matched route "logout". {"route_parameters":{"_controller":"Ruscod\\Controller\\UserController::logoutAction","_route":"logout"},"request_uri":"http://localhost:8000/user/logout"} []
[2016-03-22 01:01:26] myapp.INFO: > GET /user/logout [] []
[2016-03-22 01:01:26] myapp.INFO: < 302 /user/login [] []
[2016-03-22 01:01:26] myapp.INFO: Matched route "login". {"route_parameters":{"_controller":"Ruscod\\Controller\\UserController::loginAction","_route":"login"},"request_uri":"http://localhost:8000/user/login"} []
[2016-03-22 01:01:26] myapp.INFO: > GET /user/login [] []
[2016-03-22 01:01:26] myapp.INFO: < 200 [] []
[2016-03-22 01:02:28] myapp.INFO: Matched route "login". {"route_parameters":{"_controller":"Ruscod\\Controller\\UserController::loginAction","_route":"login"},"request_uri":"http://localhost:8000/user/login"} []
[2016-03-22 01:02:28] myapp.INFO: > GET /user/login [] []
[2016-03-22 01:02:28] myapp.INFO: < 200 [] []
[2016-03-22 01:02:39] myapp.INFO: Matched route "dologin". {"route_parameters":{"_controller":"Ruscod\\Controller\\UserController::dologinAction","_route":"dologin"},"request_uri":"http://localhost:8000/user/login"} []
[2016-03-22 01:02:39] myapp.INFO: > POST /user/login [] []
[2016-03-22 01:02:39] myapp.INFO: < 302 /home [] []
[2016-03-22 01:02:39] myapp.INFO: Matched route "account". {"route_parameters":{"_controller":"Ruscod\\Controller\\IndexController::accountAction","_route":"account"},"request_uri":"http://localhost:8000/home"} []
[2016-03-22 01:02:39] myapp.INFO: > GET /home [] []
[2016-03-22 01:02:39] myapp.INFO: < 200 [] []
[2016-03-22 01:02:42] myapp.INFO: Matched route "logout". {"route_parameters":{"_controller":"Ruscod\\Controller\\UserController::logoutAction","_route":"logout"},"request_uri":"http://localhost:8000/user/logout"} []
[2016-03-22 01:02:42] myapp.INFO: > GET /user/logout [] []
[2016-03-22 01:02:42] myapp.INFO: < 302 /user/login [] []
[2016-03-22 01:02:42] myapp.INFO: Matched route "login". {"route_parameters":{"_controller":"Ruscod\\Controller\\UserController::loginAction","_route":"login"},"request_uri":"http://localhost:8000/user/login"} []
[2016-03-22 01:02:42] myapp.INFO: > GET /user/login [] []
[2016-03-22 01:02:42] myapp.INFO: < 200 [] []
